7/16/2017 8:18:50 PM - [SQL] IP: 127.0.0.1:3306
7/16/2017 8:18:50 PM - [SQL] MySQL: establishing connected...
7/16/2017 8:18:57 PM - [Config] Loaded: 1 configs.
7/16/2017 8:18:57 PM - [Account] Loaded: 1 accounts.
7/16/2017 8:18:57 PM - [Clan] Loaded: 1 clans.
7/16/2017 8:18:57 PM - [Friend] Loaded: 0 friends.
7/16/2017 8:18:57 PM - [Message] Loaded: 0 messages.
7/16/2017 8:18:57 PM - [Mission] Loaded: 1 missions.
7/16/2017 8:18:57 PM - [Shop] Loaded: 590 items.
7/16/2017 8:18:57 PM - [Channel] Loaded: 10 channels.
7/16/2017 8:18:57 PM - [Template] Loaded: 1 player template(s) info
7/16/2017 8:18:57 PM - [Server] Loaded: 3 servers.
7/16/2017 8:18:57 PM - [Inventory] Loaded: 17 initial items.
7/16/2017 8:18:57 PM - [Rank] Loaded: 56 rank(s) info.
7/16/2017 8:18:57 PM - [Card] Loaded: 10 cards.
7/16/2017 8:18:57 PM - [Network] Game Server IP: 127.0.0.1:39191
7/16/2017 8:18:57 PM - [Network] Battle Server IP: 127.0.0.1:60000
7/16/2017 8:19:01 PM - > help
7/16/2017 8:19:09 PM - > s
7/16/2017 8:19:09 PM - Invalid command!
