7/16/2017 8:29:21 PM - [SQL] IP: 127.0.0.1:3306
7/16/2017 8:29:21 PM - [SQL] MySQL: establishing connected...
7/16/2017 8:29:28 PM - [Config] Loaded: 1 configs.
7/16/2017 8:29:28 PM - [Account] Loaded: 1 accounts.
7/16/2017 8:29:28 PM - [Clan] Loaded: 1 clans.
7/16/2017 8:29:28 PM - [Friend] Loaded: 0 friends.
7/16/2017 8:29:28 PM - [Message] Loaded: 0 messages.
7/16/2017 8:29:28 PM - [Mission] Loaded: 1 missions.
7/16/2017 8:29:28 PM - [Shop] Loaded: 590 items.
7/16/2017 8:29:28 PM - [Template] Loaded: 1 player template(s) info
7/16/2017 8:29:29 PM - [Server] Loaded: 3 servers.
7/16/2017 8:29:29 PM - [Inventory] Loaded: 17 initial items.
7/16/2017 8:29:29 PM - [Rank] Loaded: 56 rank(s) info.
7/16/2017 8:29:29 PM - [Card] Loaded: 10 cards.
7/16/2017 8:29:29 PM - [Network] Login Server IP: 127.0.0.1:39190
7/16/2017 8:33:25 PM - [Network] Block: 1 blocks.
7/16/2017 8:33:25 PM - [LoginClient] Client connect.
7/16/2017 8:33:25 PM - -------------------------------------------------------------------------------
7/16/2017 8:33:25 PM - -------------------------------------------------------------------------------
7/16/2017 8:33:25 PM - -------------------------------------------------------------------------------
7/16/2017 8:33:25 PM - -------------------------------------------------------------------------------
7/16/2017 8:33:25 PM - -------------------------------------------------------------------------------
7/16/2017 8:33:25 PM - -------------------------------------------------------------------------------
7/16/2017 8:33:26 PM - [Login Garena]  connecting to the server.
7/16/2017 8:33:26 PM - -------------------------------------------------------------------------------
7/16/2017 8:33:26 PM - -------------------------------------------------------------------------------
7/16/2017 8:33:26 PM - -------------------------------------------------------------------------------
7/16/2017 8:33:26 PM - -------------------------------------------------------------------------------
7/16/2017 8:33:26 PM - -------------------------------------------------------------------------------
7/16/2017 8:33:26 PM - -------------------------------------------------------------------------------
7/16/2017 8:33:26 PM - -------------------------------------------------------------------------------
7/16/2017 8:33:26 PM - -------------------------------------------------------------------------------
7/16/2017 8:33:26 PM - -------------------------------------------------------------------------------
7/16/2017 8:33:39 PM - -------------------------------------------------------------------------------
7/16/2017 8:33:39 PM - -------------------------------------------------------------------------------
7/16/2017 8:33:39 PM - -------------------------------------------------------------------------------
7/16/2017 8:33:39 PM - -------------------------------------------------------------------------------
7/16/2017 8:33:39 PM - -------------------------------------------------------------------------------
7/16/2017 8:33:39 PM - -------------------------------------------------------------------------------
7/16/2017 8:33:39 PM - -------------------------------------------------------------------------------
7/16/2017 8:33:39 PM - -------------------------------------------------------------------------------
7/16/2017 8:33:39 PM - -------------------------------------------------------------------------------
7/16/2017 8:33:39 PM - -------------------------------------------------------------------------------
7/16/2017 8:33:39 PM - -------------------------------------------------------------------------------
7/16/2017 8:33:39 PM - -------------------------------------------------------------------------------
7/16/2017 8:33:39 PM - -------------------------------------------------------------------------------
7/16/2017 8:33:39 PM - -------------------------------------------------------------------------------
7/16/2017 8:33:39 PM - -------------------------------------------------------------------------------
7/16/2017 8:33:40 PM - -------------------------------------------------------------------------------
7/16/2017 8:33:40 PM - -------------------------------------------------------------------------------
7/16/2017 8:33:40 PM - -------------------------------------------------------------------------------
7/16/2017 8:34:13 PM - -------------------------------------------------------------------------------
7/16/2017 8:34:13 PM - -------------------------------------------------------------------------------
7/16/2017 8:34:13 PM - -------------------------------------------------------------------------------
7/16/2017 8:34:13 PM - -------------------------------------------------------------------------------
7/16/2017 8:34:13 PM - -------------------------------------------------------------------------------
7/16/2017 8:34:13 PM - -------------------------------------------------------------------------------
7/16/2017 8:34:13 PM - [LoginClient] Player disconnect.
